[debug] [2023-09-27T05:12:24.236Z] ----------------------------------------------------------------------
[debug] [2023-09-27T05:12:24.241Z] Command:       C:\node32\node.exe C:\node32\node_modules\firebase-tools\lib\bin\firebase.js login
[debug] [2023-09-27T05:12:24.242Z] CLI Version:   12.6.0
[debug] [2023-09-27T05:12:24.243Z] Platform:      win32
[debug] [2023-09-27T05:12:24.244Z] Node Version:  v16.16.0
[debug] [2023-09-27T05:12:24.247Z] Time:          Wed Sep 27 2023 11:12:24 GMT+0600 (Bangladesh Standard Time)
[debug] [2023-09-27T05:12:24.247Z] ----------------------------------------------------------------------
[debug] 
[info] i  Firebase optionally collects CLI and Emulator Suite usage and error reporting information to help improve our products. Data is collected in accordance with Google's privacy policy (https://policies.google.com/privacy) and is not used to identify you.
 
[info] i  To change your data collection preference at any time, run `firebase logout` and log in again. 
[info] 
[info] Visit this URL on this device to log in:
[info] https://accounts.google.com/o/oauth2/auth?client_id=563584335869-fgrhgmd47bqnekij5i8b5pr03ho849e6.apps.googleusercontent.com&scope=email%20openid%20https%3A%2F%2Fwww.googleapis.com%2Fauth%2Fcloudplatformprojects.readonly%20https%3A%2F%2Fwww.googleapis.com%2Fauth%2Ffirebase%20https%3A%2F%2Fwww.googleapis.com%2Fauth%2Fcloud-platform&response_type=code&state=249250800&redirect_uri=http%3A%2F%2Flocalhost%3A9005
[info] 
[info] Waiting for authentication...
[debug] [2023-09-27T05:12:42.691Z] Error: spawn cmd ENOENT
    at Process.ChildProcess._handle.onexit (node:internal/child_process:283:19)
    at onErrorNT (node:internal/child_process:478:16)
    at processTicksAndRejections (node:internal/process/task_queues:83:21)
[error] 
[error] Error: An unexpected error has occurred.
